<?xml version="1.0" encoding="UTF-8" ?>
<testsuite tests="4" failures="0" name="adt.heap.StudentMaxHeapTest" time="0" errors="0" skipped="0">
  <properties>
[...]
</properties>
  <testcase classname="adt.heap.StudentMaxHeapTest" name="testBuild" time="0"/>
  <testcase classname="adt.heap.StudentMaxHeapTest" name="testSort" time="0"/>
  <testcase classname="adt.heap.StudentMaxHeapTest" name="testInsert" time="0"/>
  <testcase classname="adt.heap.StudentMaxHeapTest" name="testRemove" time="0"/>
</testsuite>